2025-12-30 10:53:53,654 - aidoffline - INFO - [app.py:26] - Starting offline AI server on 0.0.0.0:5000
2025-12-30 10:53:54,207 - aidoffline - INFO - [app.py:26] - Starting offline AI server on 0.0.0.0:5000
2025-12-30 11:03:21,018 - aidoffline - INFO - [app.py:26] - Starting offline AI server on 0.0.0.0:5000
2025-12-30 11:06:24,784 - aidoffline - INFO - [app.py:26] - Starting offline AI server on 0.0.0.0:5000
2025-12-30 11:06:30,285 - aidoffline - INFO - [app.py:26] - Starting offline AI server on 0.0.0.0:5000
2025-12-30 11:07:34,172 - aidoffline - INFO - [app.py:26] - Starting offline AI server on 0.0.0.0:5000
2025-12-30 11:07:49,740 - aidoffline - INFO - [app.py:26] - Starting offline AI server on 0.0.0.0:5000
2025-12-30 11:07:50,168 - aidoffline - INFO - [app.py:26] - Starting offline AI server on 0.0.0.0:5000
2025-12-30 11:20:02,120 - aidoffline - INFO - [app.py:26] - Starting offline AI server on 0.0.0.0:5000
2025-12-30 11:20:02,536 - aidoffline - INFO - [app.py:26] - Starting offline AI server on 0.0.0.0:5000
2025-12-30 11:22:43,240 - aidoffline - INFO - [app.py:26] - Starting offline AI server on 0.0.0.0:5000
2025-12-30 11:22:47,519 - aidoffline - INFO - [app.py:26] - Starting offline AI server on 0.0.0.0:5000
2025-12-30 11:22:47,930 - aidoffline - INFO - [app.py:26] - Starting offline AI server on 0.0.0.0:5000
2025-12-30 11:24:17,980 - aidoffline - INFO - [app.py:26] - Starting offline AI server on 0.0.0.0:5000
2025-12-30 12:21:32,910 - aidoffline - INFO - [app.py:26] - Starting offline AI server on 0.0.0.0:5000
2025-12-30 12:21:33,401 - aidoffline - INFO - [app.py:26] - Starting offline AI server on 0.0.0.0:5000
2025-12-30 12:27:00,853 - aidoffline - INFO - [app.py:26] - Starting offline AI server on 0.0.0.0:5000
2025-12-30 12:27:01,359 - aidoffline - INFO - [app.py:26] - Starting offline AI server on 0.0.0.0:5000
2025-12-30 12:27:44,375 - aidoffline - INFO - [app.py:26] - Starting offline AI server on 0.0.0.0:5000
2025-12-30 12:27:49,832 - aidoffline - INFO - [app.py:26] - Starting offline AI server on 0.0.0.0:5000
2025-12-30 12:27:50,301 - aidoffline - INFO - [app.py:26] - Starting offline AI server on 0.0.0.0:5000
2025-12-30 12:30:54,098 - aidoffline - ERROR - [llm_client.py:38] - LLM request failed for model llama3:8b: HTTPConnectionPool(host='localhost', port=11434): Read timed out. (read timeout=60)
Traceback (most recent call last):
  File "D:\FutureBuilders2025_NSU_Kittens\ai-doctor\backend\venv\Lib\site-packages\urllib3\connectionpool.py", line 534, in _make_request
    response = conn.getresponse()
  File "D:\FutureBuilders2025_NSU_Kittens\ai-doctor\backend\venv\Lib\site-packages\urllib3\connection.py", line 571, in getresponse
    httplib_response = super().getresponse()
  File "C:\Users\mubta\AppData\Local\Programs\Python\Python314\Lib\http\client.py", line 1450, in getresponse
    response.begin()
    ~~~~~~~~~~~~~~^^
  File "C:\Users\mubta\AppData\Local\Programs\Python\Python314\Lib\http\client.py", line 336, in begin
    version, status, reason = self._read_status()
                              ~~~~~~~~~~~~~~~~~^^
  File "C:\Users\mubta\AppData\Local\Programs\Python\Python314\Lib\http\client.py", line 297, in _read_status
    line = str(self.fp.readline(_MAXLINE + 1), "iso-8859-1")
               ~~~~~~~~~~~~~~~~^^^^^^^^^^^^^^
  File "C:\Users\mubta\AppData\Local\Programs\Python\Python314\Lib\socket.py", line 725, in readinto
    return self._sock.recv_into(b)
           ~~~~~~~~~~~~~~~~~~~~^^^
TimeoutError: timed out

The above exception was the direct cause of the following exception:

Traceback (most recent call last):
  File "D:\FutureBuilders2025_NSU_Kittens\ai-doctor\backend\venv\Lib\site-packages\requests\adapters.py", line 667, in send
    resp = conn.urlopen(
        method=request.method,
    ...<9 lines>...
        chunked=chunked,
    )
  File "D:\FutureBuilders2025_NSU_Kittens\ai-doctor\backend\venv\Lib\site-packages\urllib3\connectionpool.py", line 841, in urlopen
    retries = retries.increment(
        method, url, error=new_e, _pool=self, _stacktrace=sys.exc_info()[2]
    )
  File "D:\FutureBuilders2025_NSU_Kittens\ai-doctor\backend\venv\Lib\site-packages\urllib3\util\retry.py", line 474, in increment
    raise reraise(type(error), error, _stacktrace)
          ~~~~~~~^^^^^^^^^^^^^^^^^^^^^^^^^^^^^^^^^
  File "D:\FutureBuilders2025_NSU_Kittens\ai-doctor\backend\venv\Lib\site-packages\urllib3\util\util.py", line 39, in reraise
    raise value
  File "D:\FutureBuilders2025_NSU_Kittens\ai-doctor\backend\venv\Lib\site-packages\urllib3\connectionpool.py", line 787, in urlopen
    response = self._make_request(
        conn,
    ...<10 lines>...
        **response_kw,
    )
  File "D:\FutureBuilders2025_NSU_Kittens\ai-doctor\backend\venv\Lib\site-packages\urllib3\connectionpool.py", line 536, in _make_request
    self._raise_timeout(err=e, url=url, timeout_value=read_timeout)
    ~~~~~~~~~~~~~~~~~~~^^^^^^^^^^^^^^^^^^^^^^^^^^^^^^^^^^^^^^^^^^^^
  File "D:\FutureBuilders2025_NSU_Kittens\ai-doctor\backend\venv\Lib\site-packages\urllib3\connectionpool.py", line 367, in _raise_timeout
    raise ReadTimeoutError(
        self, url, f"Read timed out. (read timeout={timeout_value})"
    ) from err
urllib3.exceptions.ReadTimeoutError: HTTPConnectionPool(host='localhost', port=11434): Read timed out. (read timeout=60)

During handling of the above exception, another exception occurred:

Traceback (most recent call last):
  File "D:\FutureBuilders2025_NSU_Kittens\ai-doctor\backend\src\ai\llm_client.py", line 31, in chat
    resp = requests.post(self.endpoint, json=body, headers=headers, timeout=60)
  File "D:\FutureBuilders2025_NSU_Kittens\ai-doctor\backend\venv\Lib\site-packages\requests\api.py", line 115, in post
    return request("post", url, data=data, json=json, **kwargs)
  File "D:\FutureBuilders2025_NSU_Kittens\ai-doctor\backend\venv\Lib\site-packages\requests\api.py", line 59, in request
    return session.request(method=method, url=url, **kwargs)
           ~~~~~~~~~~~~~~~^^^^^^^^^^^^^^^^^^^^^^^^^^^^^^^^^^
  File "D:\FutureBuilders2025_NSU_Kittens\ai-doctor\backend\venv\Lib\site-packages\requests\sessions.py", line 589, in request
    resp = self.send(prep, **send_kwargs)
  File "D:\FutureBuilders2025_NSU_Kittens\ai-doctor\backend\venv\Lib\site-packages\requests\sessions.py", line 703, in send
    r = adapter.send(request, **kwargs)
  File "D:\FutureBuilders2025_NSU_Kittens\ai-doctor\backend\venv\Lib\site-packages\requests\adapters.py", line 713, in send
    raise ReadTimeout(e, request=request)
requests.exceptions.ReadTimeout: HTTPConnectionPool(host='localhost', port=11434): Read timed out. (read timeout=60)
2025-12-30 12:37:04,762 - aidoffline - INFO - [app.py:26] - Starting offline AI server on 0.0.0.0:5000
2025-12-30 12:37:10,318 - aidoffline - INFO - [app.py:26] - Starting offline AI server on 0.0.0.0:5000
2025-12-30 12:37:23,443 - aidoffline - INFO - [app.py:26] - Starting offline AI server on 0.0.0.0:5000
2025-12-30 12:37:23,909 - aidoffline - INFO - [app.py:26] - Starting offline AI server on 0.0.0.0:5000
2025-12-30 12:39:47,438 - aidoffline - ERROR - [llm_client.py:38] - LLM request failed for model llama3:8b: HTTPConnectionPool(host='localhost', port=11434): Read timed out. (read timeout=60)
Traceback (most recent call last):
  File "D:\FutureBuilders2025_NSU_Kittens\ai-doctor\backend\venv\Lib\site-packages\urllib3\connectionpool.py", line 534, in _make_request
    response = conn.getresponse()
  File "D:\FutureBuilders2025_NSU_Kittens\ai-doctor\backend\venv\Lib\site-packages\urllib3\connection.py", line 571, in getresponse
    httplib_response = super().getresponse()
  File "C:\Users\mubta\AppData\Local\Programs\Python\Python314\Lib\http\client.py", line 1450, in getresponse
    response.begin()
    ~~~~~~~~~~~~~~^^
  File "C:\Users\mubta\AppData\Local\Programs\Python\Python314\Lib\http\client.py", line 336, in begin
    version, status, reason = self._read_status()
                              ~~~~~~~~~~~~~~~~~^^
  File "C:\Users\mubta\AppData\Local\Programs\Python\Python314\Lib\http\client.py", line 297, in _read_status
    line = str(self.fp.readline(_MAXLINE + 1), "iso-8859-1")
               ~~~~~~~~~~~~~~~~^^^^^^^^^^^^^^
  File "C:\Users\mubta\AppData\Local\Programs\Python\Python314\Lib\socket.py", line 725, in readinto
    return self._sock.recv_into(b)
           ~~~~~~~~~~~~~~~~~~~~^^^
TimeoutError: timed out

The above exception was the direct cause of the following exception:

Traceback (most recent call last):
  File "D:\FutureBuilders2025_NSU_Kittens\ai-doctor\backend\venv\Lib\site-packages\requests\adapters.py", line 667, in send
    resp = conn.urlopen(
        method=request.method,
    ...<9 lines>...
        chunked=chunked,
    )
  File "D:\FutureBuilders2025_NSU_Kittens\ai-doctor\backend\venv\Lib\site-packages\urllib3\connectionpool.py", line 841, in urlopen
    retries = retries.increment(
        method, url, error=new_e, _pool=self, _stacktrace=sys.exc_info()[2]
    )
  File "D:\FutureBuilders2025_NSU_Kittens\ai-doctor\backend\venv\Lib\site-packages\urllib3\util\retry.py", line 474, in increment
    raise reraise(type(error), error, _stacktrace)
          ~~~~~~~^^^^^^^^^^^^^^^^^^^^^^^^^^^^^^^^^
  File "D:\FutureBuilders2025_NSU_Kittens\ai-doctor\backend\venv\Lib\site-packages\urllib3\util\util.py", line 39, in reraise
    raise value
  File "D:\FutureBuilders2025_NSU_Kittens\ai-doctor\backend\venv\Lib\site-packages\urllib3\connectionpool.py", line 787, in urlopen
    response = self._make_request(
        conn,
    ...<10 lines>...
        **response_kw,
    )
  File "D:\FutureBuilders2025_NSU_Kittens\ai-doctor\backend\venv\Lib\site-packages\urllib3\connectionpool.py", line 536, in _make_request
    self._raise_timeout(err=e, url=url, timeout_value=read_timeout)
    ~~~~~~~~~~~~~~~~~~~^^^^^^^^^^^^^^^^^^^^^^^^^^^^^^^^^^^^^^^^^^^^
  File "D:\FutureBuilders2025_NSU_Kittens\ai-doctor\backend\venv\Lib\site-packages\urllib3\connectionpool.py", line 367, in _raise_timeout
    raise ReadTimeoutError(
        self, url, f"Read timed out. (read timeout={timeout_value})"
    ) from err
urllib3.exceptions.ReadTimeoutError: HTTPConnectionPool(host='localhost', port=11434): Read timed out. (read timeout=60)

During handling of the above exception, another exception occurred:

Traceback (most recent call last):
  File "D:\FutureBuilders2025_NSU_Kittens\ai-doctor\backend\src\ai\llm_client.py", line 31, in chat
    resp = requests.post(self.endpoint, json=body, headers=headers, timeout=60)
  File "D:\FutureBuilders2025_NSU_Kittens\ai-doctor\backend\venv\Lib\site-packages\requests\api.py", line 115, in post
    return request("post", url, data=data, json=json, **kwargs)
  File "D:\FutureBuilders2025_NSU_Kittens\ai-doctor\backend\venv\Lib\site-packages\requests\api.py", line 59, in request
    return session.request(method=method, url=url, **kwargs)
           ~~~~~~~~~~~~~~~^^^^^^^^^^^^^^^^^^^^^^^^^^^^^^^^^^
  File "D:\FutureBuilders2025_NSU_Kittens\ai-doctor\backend\venv\Lib\site-packages\requests\sessions.py", line 589, in request
    resp = self.send(prep, **send_kwargs)
  File "D:\FutureBuilders2025_NSU_Kittens\ai-doctor\backend\venv\Lib\site-packages\requests\sessions.py", line 703, in send
    r = adapter.send(request, **kwargs)
  File "D:\FutureBuilders2025_NSU_Kittens\ai-doctor\backend\venv\Lib\site-packages\requests\adapters.py", line 713, in send
    raise ReadTimeout(e, request=request)
requests.exceptions.ReadTimeout: HTTPConnectionPool(host='localhost', port=11434): Read timed out. (read timeout=60)
2025-12-30 12:49:36,832 - aidoffline - INFO - [app.py:26] - Starting offline AI server on 0.0.0.0:5000
2025-12-30 12:49:44,425 - aidoffline - INFO - [app.py:26] - Starting offline AI server on 0.0.0.0:5000
2025-12-30 12:49:55,633 - aidoffline - INFO - [app.py:26] - Starting offline AI server on 0.0.0.0:5000
2025-12-30 12:49:56,059 - aidoffline - INFO - [app.py:26] - Starting offline AI server on 0.0.0.0:5000
2025-12-30 12:51:39,987 - aidoffline - ERROR - [llm_client.py:38] - LLM request failed for model llama3:8b: HTTPConnectionPool(host='localhost', port=11434): Read timed out. (read timeout=60)
Traceback (most recent call last):
  File "D:\FutureBuilders2025_NSU_Kittens\ai-doctor\backend\venv\Lib\site-packages\urllib3\connectionpool.py", line 534, in _make_request
    response = conn.getresponse()
  File "D:\FutureBuilders2025_NSU_Kittens\ai-doctor\backend\venv\Lib\site-packages\urllib3\connection.py", line 571, in getresponse
    httplib_response = super().getresponse()
  File "C:\Users\mubta\AppData\Local\Programs\Python\Python314\Lib\http\client.py", line 1450, in getresponse
    response.begin()
    ~~~~~~~~~~~~~~^^
  File "C:\Users\mubta\AppData\Local\Programs\Python\Python314\Lib\http\client.py", line 336, in begin
    version, status, reason = self._read_status()
                              ~~~~~~~~~~~~~~~~~^^
  File "C:\Users\mubta\AppData\Local\Programs\Python\Python314\Lib\http\client.py", line 297, in _read_status
    line = str(self.fp.readline(_MAXLINE + 1), "iso-8859-1")
               ~~~~~~~~~~~~~~~~^^^^^^^^^^^^^^
  File "C:\Users\mubta\AppData\Local\Programs\Python\Python314\Lib\socket.py", line 725, in readinto
    return self._sock.recv_into(b)
           ~~~~~~~~~~~~~~~~~~~~^^^
TimeoutError: timed out

The above exception was the direct cause of the following exception:

Traceback (most recent call last):
  File "D:\FutureBuilders2025_NSU_Kittens\ai-doctor\backend\venv\Lib\site-packages\requests\adapters.py", line 667, in send
    resp = conn.urlopen(
        method=request.method,
    ...<9 lines>...
        chunked=chunked,
    )
  File "D:\FutureBuilders2025_NSU_Kittens\ai-doctor\backend\venv\Lib\site-packages\urllib3\connectionpool.py", line 841, in urlopen
    retries = retries.increment(
        method, url, error=new_e, _pool=self, _stacktrace=sys.exc_info()[2]
    )
  File "D:\FutureBuilders2025_NSU_Kittens\ai-doctor\backend\venv\Lib\site-packages\urllib3\util\retry.py", line 474, in increment
    raise reraise(type(error), error, _stacktrace)
          ~~~~~~~^^^^^^^^^^^^^^^^^^^^^^^^^^^^^^^^^
  File "D:\FutureBuilders2025_NSU_Kittens\ai-doctor\backend\venv\Lib\site-packages\urllib3\util\util.py", line 39, in reraise
    raise value
  File "D:\FutureBuilders2025_NSU_Kittens\ai-doctor\backend\venv\Lib\site-packages\urllib3\connectionpool.py", line 787, in urlopen
    response = self._make_request(
        conn,
    ...<10 lines>...
        **response_kw,
    )
  File "D:\FutureBuilders2025_NSU_Kittens\ai-doctor\backend\venv\Lib\site-packages\urllib3\connectionpool.py", line 536, in _make_request
    self._raise_timeout(err=e, url=url, timeout_value=read_timeout)
    ~~~~~~~~~~~~~~~~~~~^^^^^^^^^^^^^^^^^^^^^^^^^^^^^^^^^^^^^^^^^^^^
  File "D:\FutureBuilders2025_NSU_Kittens\ai-doctor\backend\venv\Lib\site-packages\urllib3\connectionpool.py", line 367, in _raise_timeout
    raise ReadTimeoutError(
        self, url, f"Read timed out. (read timeout={timeout_value})"
    ) from err
urllib3.exceptions.ReadTimeoutError: HTTPConnectionPool(host='localhost', port=11434): Read timed out. (read timeout=60)

During handling of the above exception, another exception occurred:

Traceback (most recent call last):
  File "D:\FutureBuilders2025_NSU_Kittens\ai-doctor\backend\src\ai\llm_client.py", line 31, in chat
    resp = requests.post(self.endpoint, json=body, headers=headers, timeout=60)
  File "D:\FutureBuilders2025_NSU_Kittens\ai-doctor\backend\venv\Lib\site-packages\requests\api.py", line 115, in post
    return request("post", url, data=data, json=json, **kwargs)
  File "D:\FutureBuilders2025_NSU_Kittens\ai-doctor\backend\venv\Lib\site-packages\requests\api.py", line 59, in request
    return session.request(method=method, url=url, **kwargs)
           ~~~~~~~~~~~~~~~^^^^^^^^^^^^^^^^^^^^^^^^^^^^^^^^^^
  File "D:\FutureBuilders2025_NSU_Kittens\ai-doctor\backend\venv\Lib\site-packages\requests\sessions.py", line 589, in request
    resp = self.send(prep, **send_kwargs)
  File "D:\FutureBuilders2025_NSU_Kittens\ai-doctor\backend\venv\Lib\site-packages\requests\sessions.py", line 703, in send
    r = adapter.send(request, **kwargs)
  File "D:\FutureBuilders2025_NSU_Kittens\ai-doctor\backend\venv\Lib\site-packages\requests\adapters.py", line 713, in send
    raise ReadTimeout(e, request=request)
requests.exceptions.ReadTimeout: HTTPConnectionPool(host='localhost', port=11434): Read timed out. (read timeout=60)
2025-12-30 13:04:13,755 - aidoffline - INFO - [app.py:26] - Starting offline AI server on 0.0.0.0:5000
2025-12-30 13:04:23,411 - aidoffline - INFO - [app.py:26] - Starting offline AI server on 0.0.0.0:5000
2025-12-30 13:06:04,496 - aidoffline - ERROR - [llm_client.py:38] - LLM request failed for model llama3:8b: HTTPConnectionPool(host='localhost', port=11434): Read timed out. (read timeout=60)
Traceback (most recent call last):
  File "D:\FutureBuilders2025_NSU_Kittens\ai-doctor\backend\venv\Lib\site-packages\urllib3\connectionpool.py", line 534, in _make_request
    response = conn.getresponse()
  File "D:\FutureBuilders2025_NSU_Kittens\ai-doctor\backend\venv\Lib\site-packages\urllib3\connection.py", line 571, in getresponse
    httplib_response = super().getresponse()
  File "C:\Users\mubta\AppData\Local\Programs\Python\Python314\Lib\http\client.py", line 1450, in getresponse
    response.begin()
    ~~~~~~~~~~~~~~^^
  File "C:\Users\mubta\AppData\Local\Programs\Python\Python314\Lib\http\client.py", line 336, in begin
    version, status, reason = self._read_status()
                              ~~~~~~~~~~~~~~~~~^^
  File "C:\Users\mubta\AppData\Local\Programs\Python\Python314\Lib\http\client.py", line 297, in _read_status
    line = str(self.fp.readline(_MAXLINE + 1), "iso-8859-1")
               ~~~~~~~~~~~~~~~~^^^^^^^^^^^^^^
  File "C:\Users\mubta\AppData\Local\Programs\Python\Python314\Lib\socket.py", line 725, in readinto
    return self._sock.recv_into(b)
           ~~~~~~~~~~~~~~~~~~~~^^^
TimeoutError: timed out

The above exception was the direct cause of the following exception:

Traceback (most recent call last):
  File "D:\FutureBuilders2025_NSU_Kittens\ai-doctor\backend\venv\Lib\site-packages\requests\adapters.py", line 667, in send
    resp = conn.urlopen(
        method=request.method,
    ...<9 lines>...
        chunked=chunked,
    )
  File "D:\FutureBuilders2025_NSU_Kittens\ai-doctor\backend\venv\Lib\site-packages\urllib3\connectionpool.py", line 841, in urlopen
    retries = retries.increment(
        method, url, error=new_e, _pool=self, _stacktrace=sys.exc_info()[2]
    )
  File "D:\FutureBuilders2025_NSU_Kittens\ai-doctor\backend\venv\Lib\site-packages\urllib3\util\retry.py", line 474, in increment
    raise reraise(type(error), error, _stacktrace)
          ~~~~~~~^^^^^^^^^^^^^^^^^^^^^^^^^^^^^^^^^
  File "D:\FutureBuilders2025_NSU_Kittens\ai-doctor\backend\venv\Lib\site-packages\urllib3\util\util.py", line 39, in reraise
    raise value
  File "D:\FutureBuilders2025_NSU_Kittens\ai-doctor\backend\venv\Lib\site-packages\urllib3\connectionpool.py", line 787, in urlopen
    response = self._make_request(
        conn,
    ...<10 lines>...
        **response_kw,
    )
  File "D:\FutureBuilders2025_NSU_Kittens\ai-doctor\backend\venv\Lib\site-packages\urllib3\connectionpool.py", line 536, in _make_request
    self._raise_timeout(err=e, url=url, timeout_value=read_timeout)
    ~~~~~~~~~~~~~~~~~~~^^^^^^^^^^^^^^^^^^^^^^^^^^^^^^^^^^^^^^^^^^^^
  File "D:\FutureBuilders2025_NSU_Kittens\ai-doctor\backend\venv\Lib\site-packages\urllib3\connectionpool.py", line 367, in _raise_timeout
    raise ReadTimeoutError(
        self, url, f"Read timed out. (read timeout={timeout_value})"
    ) from err
urllib3.exceptions.ReadTimeoutError: HTTPConnectionPool(host='localhost', port=11434): Read timed out. (read timeout=60)

During handling of the above exception, another exception occurred:

Traceback (most recent call last):
  File "D:\FutureBuilders2025_NSU_Kittens\ai-doctor\backend\src\ai\llm_client.py", line 31, in chat
    resp = requests.post(self.endpoint, json=body, headers=headers, timeout=60)
  File "D:\FutureBuilders2025_NSU_Kittens\ai-doctor\backend\venv\Lib\site-packages\requests\api.py", line 115, in post
    return request("post", url, data=data, json=json, **kwargs)
  File "D:\FutureBuilders2025_NSU_Kittens\ai-doctor\backend\venv\Lib\site-packages\requests\api.py", line 59, in request
    return session.request(method=method, url=url, **kwargs)
           ~~~~~~~~~~~~~~~^^^^^^^^^^^^^^^^^^^^^^^^^^^^^^^^^^
  File "D:\FutureBuilders2025_NSU_Kittens\ai-doctor\backend\venv\Lib\site-packages\requests\sessions.py", line 589, in request
    resp = self.send(prep, **send_kwargs)
  File "D:\FutureBuilders2025_NSU_Kittens\ai-doctor\backend\venv\Lib\site-packages\requests\sessions.py", line 703, in send
    r = adapter.send(request, **kwargs)
  File "D:\FutureBuilders2025_NSU_Kittens\ai-doctor\backend\venv\Lib\site-packages\requests\adapters.py", line 713, in send
    raise ReadTimeout(e, request=request)
requests.exceptions.ReadTimeout: HTTPConnectionPool(host='localhost', port=11434): Read timed out. (read timeout=60)
2025-12-30 13:36:11,258 - aidoffline - INFO - [app.py:26] - Starting offline AI server on 0.0.0.0:5000
2025-12-30 13:36:11,713 - aidoffline - INFO - [app.py:26] - Starting offline AI server on 0.0.0.0:5000
2025-12-30 13:38:11,392 - aidoffline - ERROR - [llm_client.py:38] - LLM request failed for model llama3:8b: HTTPConnectionPool(host='localhost', port=11434): Read timed out. (read timeout=60)
Traceback (most recent call last):
  File "D:\FutureBuilders2025_NSU_Kittens\ai-doctor\backend\venv\Lib\site-packages\urllib3\connectionpool.py", line 534, in _make_request
    response = conn.getresponse()
  File "D:\FutureBuilders2025_NSU_Kittens\ai-doctor\backend\venv\Lib\site-packages\urllib3\connection.py", line 571, in getresponse
    httplib_response = super().getresponse()
  File "C:\Users\mubta\AppData\Local\Programs\Python\Python314\Lib\http\client.py", line 1450, in getresponse
    response.begin()
    ~~~~~~~~~~~~~~^^
  File "C:\Users\mubta\AppData\Local\Programs\Python\Python314\Lib\http\client.py", line 336, in begin
    version, status, reason = self._read_status()
                              ~~~~~~~~~~~~~~~~~^^
  File "C:\Users\mubta\AppData\Local\Programs\Python\Python314\Lib\http\client.py", line 297, in _read_status
    line = str(self.fp.readline(_MAXLINE + 1), "iso-8859-1")
               ~~~~~~~~~~~~~~~~^^^^^^^^^^^^^^
  File "C:\Users\mubta\AppData\Local\Programs\Python\Python314\Lib\socket.py", line 725, in readinto
    return self._sock.recv_into(b)
           ~~~~~~~~~~~~~~~~~~~~^^^
TimeoutError: timed out

The above exception was the direct cause of the following exception:

Traceback (most recent call last):
  File "D:\FutureBuilders2025_NSU_Kittens\ai-doctor\backend\venv\Lib\site-packages\requests\adapters.py", line 667, in send
    resp = conn.urlopen(
        method=request.method,
    ...<9 lines>...
        chunked=chunked,
    )
  File "D:\FutureBuilders2025_NSU_Kittens\ai-doctor\backend\venv\Lib\site-packages\urllib3\connectionpool.py", line 841, in urlopen
    retries = retries.increment(
        method, url, error=new_e, _pool=self, _stacktrace=sys.exc_info()[2]
    )
  File "D:\FutureBuilders2025_NSU_Kittens\ai-doctor\backend\venv\Lib\site-packages\urllib3\util\retry.py", line 474, in increment
    raise reraise(type(error), error, _stacktrace)
          ~~~~~~~^^^^^^^^^^^^^^^^^^^^^^^^^^^^^^^^^
  File "D:\FutureBuilders2025_NSU_Kittens\ai-doctor\backend\venv\Lib\site-packages\urllib3\util\util.py", line 39, in reraise
    raise value
  File "D:\FutureBuilders2025_NSU_Kittens\ai-doctor\backend\venv\Lib\site-packages\urllib3\connectionpool.py", line 787, in urlopen
    response = self._make_request(
        conn,
    ...<10 lines>...
        **response_kw,
    )
  File "D:\FutureBuilders2025_NSU_Kittens\ai-doctor\backend\venv\Lib\site-packages\urllib3\connectionpool.py", line 536, in _make_request
    self._raise_timeout(err=e, url=url, timeout_value=read_timeout)
    ~~~~~~~~~~~~~~~~~~~^^^^^^^^^^^^^^^^^^^^^^^^^^^^^^^^^^^^^^^^^^^^
  File "D:\FutureBuilders2025_NSU_Kittens\ai-doctor\backend\venv\Lib\site-packages\urllib3\connectionpool.py", line 367, in _raise_timeout
    raise ReadTimeoutError(
        self, url, f"Read timed out. (read timeout={timeout_value})"
    ) from err
urllib3.exceptions.ReadTimeoutError: HTTPConnectionPool(host='localhost', port=11434): Read timed out. (read timeout=60)

During handling of the above exception, another exception occurred:

Traceback (most recent call last):
  File "D:\FutureBuilders2025_NSU_Kittens\ai-doctor\backend\src\ai\llm_client.py", line 31, in chat
    resp = requests.post(self.endpoint, json=body, headers=headers, timeout=60)
  File "D:\FutureBuilders2025_NSU_Kittens\ai-doctor\backend\venv\Lib\site-packages\requests\api.py", line 115, in post
    return request("post", url, data=data, json=json, **kwargs)
  File "D:\FutureBuilders2025_NSU_Kittens\ai-doctor\backend\venv\Lib\site-packages\requests\api.py", line 59, in request
    return session.request(method=method, url=url, **kwargs)
           ~~~~~~~~~~~~~~~^^^^^^^^^^^^^^^^^^^^^^^^^^^^^^^^^^
  File "D:\FutureBuilders2025_NSU_Kittens\ai-doctor\backend\venv\Lib\site-packages\requests\sessions.py", line 589, in request
    resp = self.send(prep, **send_kwargs)
  File "D:\FutureBuilders2025_NSU_Kittens\ai-doctor\backend\venv\Lib\site-packages\requests\sessions.py", line 703, in send
    r = adapter.send(request, **kwargs)
  File "D:\FutureBuilders2025_NSU_Kittens\ai-doctor\backend\venv\Lib\site-packages\requests\adapters.py", line 713, in send
    raise ReadTimeout(e, request=request)
requests.exceptions.ReadTimeout: HTTPConnectionPool(host='localhost', port=11434): Read timed out. (read timeout=60)
2025-12-30 13:47:41,073 - aidoffline - ERROR - [llm_client.py:38] - LLM request failed for model llama3:8b: HTTPConnectionPool(host='localhost', port=11434): Read timed out. (read timeout=60)
Traceback (most recent call last):
  File "D:\FutureBuilders2025_NSU_Kittens\ai-doctor\backend\venv\Lib\site-packages\urllib3\connectionpool.py", line 534, in _make_request
    response = conn.getresponse()
  File "D:\FutureBuilders2025_NSU_Kittens\ai-doctor\backend\venv\Lib\site-packages\urllib3\connection.py", line 571, in getresponse
    httplib_response = super().getresponse()
  File "C:\Users\mubta\AppData\Local\Programs\Python\Python314\Lib\http\client.py", line 1450, in getresponse
    response.begin()
    ~~~~~~~~~~~~~~^^
  File "C:\Users\mubta\AppData\Local\Programs\Python\Python314\Lib\http\client.py", line 336, in begin
    version, status, reason = self._read_status()
                              ~~~~~~~~~~~~~~~~~^^
  File "C:\Users\mubta\AppData\Local\Programs\Python\Python314\Lib\http\client.py", line 297, in _read_status
    line = str(self.fp.readline(_MAXLINE + 1), "iso-8859-1")
               ~~~~~~~~~~~~~~~~^^^^^^^^^^^^^^
  File "C:\Users\mubta\AppData\Local\Programs\Python\Python314\Lib\socket.py", line 725, in readinto
    return self._sock.recv_into(b)
           ~~~~~~~~~~~~~~~~~~~~^^^
TimeoutError: timed out

The above exception was the direct cause of the following exception:

Traceback (most recent call last):
  File "D:\FutureBuilders2025_NSU_Kittens\ai-doctor\backend\venv\Lib\site-packages\requests\adapters.py", line 667, in send
    resp = conn.urlopen(
        method=request.method,
    ...<9 lines>...
        chunked=chunked,
    )
  File "D:\FutureBuilders2025_NSU_Kittens\ai-doctor\backend\venv\Lib\site-packages\urllib3\connectionpool.py", line 841, in urlopen
    retries = retries.increment(
        method, url, error=new_e, _pool=self, _stacktrace=sys.exc_info()[2]
    )
  File "D:\FutureBuilders2025_NSU_Kittens\ai-doctor\backend\venv\Lib\site-packages\urllib3\util\retry.py", line 474, in increment
    raise reraise(type(error), error, _stacktrace)
          ~~~~~~~^^^^^^^^^^^^^^^^^^^^^^^^^^^^^^^^^
  File "D:\FutureBuilders2025_NSU_Kittens\ai-doctor\backend\venv\Lib\site-packages\urllib3\util\util.py", line 39, in reraise
    raise value
  File "D:\FutureBuilders2025_NSU_Kittens\ai-doctor\backend\venv\Lib\site-packages\urllib3\connectionpool.py", line 787, in urlopen
    response = self._make_request(
        conn,
    ...<10 lines>...
        **response_kw,
    )
  File "D:\FutureBuilders2025_NSU_Kittens\ai-doctor\backend\venv\Lib\site-packages\urllib3\connectionpool.py", line 536, in _make_request
    self._raise_timeout(err=e, url=url, timeout_value=read_timeout)
    ~~~~~~~~~~~~~~~~~~~^^^^^^^^^^^^^^^^^^^^^^^^^^^^^^^^^^^^^^^^^^^^
  File "D:\FutureBuilders2025_NSU_Kittens\ai-doctor\backend\venv\Lib\site-packages\urllib3\connectionpool.py", line 367, in _raise_timeout
    raise ReadTimeoutError(
        self, url, f"Read timed out. (read timeout={timeout_value})"
    ) from err
urllib3.exceptions.ReadTimeoutError: HTTPConnectionPool(host='localhost', port=11434): Read timed out. (read timeout=60)

During handling of the above exception, another exception occurred:

Traceback (most recent call last):
  File "D:\FutureBuilders2025_NSU_Kittens\ai-doctor\backend\src\ai\llm_client.py", line 31, in chat
    resp = requests.post(self.endpoint, json=body, headers=headers, timeout=60)
  File "D:\FutureBuilders2025_NSU_Kittens\ai-doctor\backend\venv\Lib\site-packages\requests\api.py", line 115, in post
    return request("post", url, data=data, json=json, **kwargs)
  File "D:\FutureBuilders2025_NSU_Kittens\ai-doctor\backend\venv\Lib\site-packages\requests\api.py", line 59, in request
    return session.request(method=method, url=url, **kwargs)
           ~~~~~~~~~~~~~~~^^^^^^^^^^^^^^^^^^^^^^^^^^^^^^^^^^
  File "D:\FutureBuilders2025_NSU_Kittens\ai-doctor\backend\venv\Lib\site-packages\requests\sessions.py", line 589, in request
    resp = self.send(prep, **send_kwargs)
  File "D:\FutureBuilders2025_NSU_Kittens\ai-doctor\backend\venv\Lib\site-packages\requests\sessions.py", line 703, in send
    r = adapter.send(request, **kwargs)
  File "D:\FutureBuilders2025_NSU_Kittens\ai-doctor\backend\venv\Lib\site-packages\requests\adapters.py", line 713, in send
    raise ReadTimeout(e, request=request)
requests.exceptions.ReadTimeout: HTTPConnectionPool(host='localhost', port=11434): Read timed out. (read timeout=60)
2025-12-30 14:00:36,539 - aidoffline - ERROR - [llm_client.py:38] - LLM request failed for model llama3:8b: HTTPConnectionPool(host='localhost', port=11434): Read timed out. (read timeout=60)
Traceback (most recent call last):
  File "D:\FutureBuilders2025_NSU_Kittens\ai-doctor\backend\venv\Lib\site-packages\urllib3\connectionpool.py", line 534, in _make_request
    response = conn.getresponse()
  File "D:\FutureBuilders2025_NSU_Kittens\ai-doctor\backend\venv\Lib\site-packages\urllib3\connection.py", line 571, in getresponse
    httplib_response = super().getresponse()
  File "C:\Users\mubta\AppData\Local\Programs\Python\Python314\Lib\http\client.py", line 1450, in getresponse
    response.begin()
    ~~~~~~~~~~~~~~^^
  File "C:\Users\mubta\AppData\Local\Programs\Python\Python314\Lib\http\client.py", line 336, in begin
    version, status, reason = self._read_status()
                              ~~~~~~~~~~~~~~~~~^^
  File "C:\Users\mubta\AppData\Local\Programs\Python\Python314\Lib\http\client.py", line 297, in _read_status
    line = str(self.fp.readline(_MAXLINE + 1), "iso-8859-1")
               ~~~~~~~~~~~~~~~~^^^^^^^^^^^^^^
  File "C:\Users\mubta\AppData\Local\Programs\Python\Python314\Lib\socket.py", line 725, in readinto
    return self._sock.recv_into(b)
           ~~~~~~~~~~~~~~~~~~~~^^^
TimeoutError: timed out

The above exception was the direct cause of the following exception:

Traceback (most recent call last):
  File "D:\FutureBuilders2025_NSU_Kittens\ai-doctor\backend\venv\Lib\site-packages\requests\adapters.py", line 667, in send
    resp = conn.urlopen(
        method=request.method,
    ...<9 lines>...
        chunked=chunked,
    )
  File "D:\FutureBuilders2025_NSU_Kittens\ai-doctor\backend\venv\Lib\site-packages\urllib3\connectionpool.py", line 841, in urlopen
    retries = retries.increment(
        method, url, error=new_e, _pool=self, _stacktrace=sys.exc_info()[2]
    )
  File "D:\FutureBuilders2025_NSU_Kittens\ai-doctor\backend\venv\Lib\site-packages\urllib3\util\retry.py", line 474, in increment
    raise reraise(type(error), error, _stacktrace)
          ~~~~~~~^^^^^^^^^^^^^^^^^^^^^^^^^^^^^^^^^
  File "D:\FutureBuilders2025_NSU_Kittens\ai-doctor\backend\venv\Lib\site-packages\urllib3\util\util.py", line 39, in reraise
    raise value
  File "D:\FutureBuilders2025_NSU_Kittens\ai-doctor\backend\venv\Lib\site-packages\urllib3\connectionpool.py", line 787, in urlopen
    response = self._make_request(
        conn,
    ...<10 lines>...
        **response_kw,
    )
  File "D:\FutureBuilders2025_NSU_Kittens\ai-doctor\backend\venv\Lib\site-packages\urllib3\connectionpool.py", line 536, in _make_request
    self._raise_timeout(err=e, url=url, timeout_value=read_timeout)
    ~~~~~~~~~~~~~~~~~~~^^^^^^^^^^^^^^^^^^^^^^^^^^^^^^^^^^^^^^^^^^^^
  File "D:\FutureBuilders2025_NSU_Kittens\ai-doctor\backend\venv\Lib\site-packages\urllib3\connectionpool.py", line 367, in _raise_timeout
    raise ReadTimeoutError(
        self, url, f"Read timed out. (read timeout={timeout_value})"
    ) from err
urllib3.exceptions.ReadTimeoutError: HTTPConnectionPool(host='localhost', port=11434): Read timed out. (read timeout=60)

During handling of the above exception, another exception occurred:

Traceback (most recent call last):
  File "D:\FutureBuilders2025_NSU_Kittens\ai-doctor\backend\src\ai\llm_client.py", line 31, in chat
    resp = requests.post(self.endpoint, json=body, headers=headers, timeout=60)
  File "D:\FutureBuilders2025_NSU_Kittens\ai-doctor\backend\venv\Lib\site-packages\requests\api.py", line 115, in post
    return request("post", url, data=data, json=json, **kwargs)
  File "D:\FutureBuilders2025_NSU_Kittens\ai-doctor\backend\venv\Lib\site-packages\requests\api.py", line 59, in request
    return session.request(method=method, url=url, **kwargs)
           ~~~~~~~~~~~~~~~^^^^^^^^^^^^^^^^^^^^^^^^^^^^^^^^^^
  File "D:\FutureBuilders2025_NSU_Kittens\ai-doctor\backend\venv\Lib\site-packages\requests\sessions.py", line 589, in request
    resp = self.send(prep, **send_kwargs)
  File "D:\FutureBuilders2025_NSU_Kittens\ai-doctor\backend\venv\Lib\site-packages\requests\sessions.py", line 703, in send
    r = adapter.send(request, **kwargs)
  File "D:\FutureBuilders2025_NSU_Kittens\ai-doctor\backend\venv\Lib\site-packages\requests\adapters.py", line 713, in send
    raise ReadTimeout(e, request=request)
requests.exceptions.ReadTimeout: HTTPConnectionPool(host='localhost', port=11434): Read timed out. (read timeout=60)
2025-12-30 14:02:19,304 - aidoffline - ERROR - [llm_client.py:38] - LLM request failed for model llama3:8b: HTTPConnectionPool(host='localhost', port=11434): Read timed out. (read timeout=60)
Traceback (most recent call last):
  File "D:\FutureBuilders2025_NSU_Kittens\ai-doctor\backend\venv\Lib\site-packages\urllib3\connectionpool.py", line 534, in _make_request
    response = conn.getresponse()
  File "D:\FutureBuilders2025_NSU_Kittens\ai-doctor\backend\venv\Lib\site-packages\urllib3\connection.py", line 571, in getresponse
    httplib_response = super().getresponse()
  File "C:\Users\mubta\AppData\Local\Programs\Python\Python314\Lib\http\client.py", line 1450, in getresponse
    response.begin()
    ~~~~~~~~~~~~~~^^
  File "C:\Users\mubta\AppData\Local\Programs\Python\Python314\Lib\http\client.py", line 336, in begin
    version, status, reason = self._read_status()
                              ~~~~~~~~~~~~~~~~~^^
  File "C:\Users\mubta\AppData\Local\Programs\Python\Python314\Lib\http\client.py", line 297, in _read_status
    line = str(self.fp.readline(_MAXLINE + 1), "iso-8859-1")
               ~~~~~~~~~~~~~~~~^^^^^^^^^^^^^^
  File "C:\Users\mubta\AppData\Local\Programs\Python\Python314\Lib\socket.py", line 725, in readinto
    return self._sock.recv_into(b)
           ~~~~~~~~~~~~~~~~~~~~^^^
TimeoutError: timed out

The above exception was the direct cause of the following exception:

Traceback (most recent call last):
  File "D:\FutureBuilders2025_NSU_Kittens\ai-doctor\backend\venv\Lib\site-packages\requests\adapters.py", line 667, in send
    resp = conn.urlopen(
        method=request.method,
    ...<9 lines>...
        chunked=chunked,
    )
  File "D:\FutureBuilders2025_NSU_Kittens\ai-doctor\backend\venv\Lib\site-packages\urllib3\connectionpool.py", line 841, in urlopen
    retries = retries.increment(
        method, url, error=new_e, _pool=self, _stacktrace=sys.exc_info()[2]
    )
  File "D:\FutureBuilders2025_NSU_Kittens\ai-doctor\backend\venv\Lib\site-packages\urllib3\util\retry.py", line 474, in increment
    raise reraise(type(error), error, _stacktrace)
          ~~~~~~~^^^^^^^^^^^^^^^^^^^^^^^^^^^^^^^^^
  File "D:\FutureBuilders2025_NSU_Kittens\ai-doctor\backend\venv\Lib\site-packages\urllib3\util\util.py", line 39, in reraise
    raise value
  File "D:\FutureBuilders2025_NSU_Kittens\ai-doctor\backend\venv\Lib\site-packages\urllib3\connectionpool.py", line 787, in urlopen
    response = self._make_request(
        conn,
    ...<10 lines>...
        **response_kw,
    )
  File "D:\FutureBuilders2025_NSU_Kittens\ai-doctor\backend\venv\Lib\site-packages\urllib3\connectionpool.py", line 536, in _make_request
    self._raise_timeout(err=e, url=url, timeout_value=read_timeout)
    ~~~~~~~~~~~~~~~~~~~^^^^^^^^^^^^^^^^^^^^^^^^^^^^^^^^^^^^^^^^^^^^
  File "D:\FutureBuilders2025_NSU_Kittens\ai-doctor\backend\venv\Lib\site-packages\urllib3\connectionpool.py", line 367, in _raise_timeout
    raise ReadTimeoutError(
        self, url, f"Read timed out. (read timeout={timeout_value})"
    ) from err
urllib3.exceptions.ReadTimeoutError: HTTPConnectionPool(host='localhost', port=11434): Read timed out. (read timeout=60)

During handling of the above exception, another exception occurred:

Traceback (most recent call last):
  File "D:\FutureBuilders2025_NSU_Kittens\ai-doctor\backend\src\ai\llm_client.py", line 31, in chat
    resp = requests.post(self.endpoint, json=body, headers=headers, timeout=60)
  File "D:\FutureBuilders2025_NSU_Kittens\ai-doctor\backend\venv\Lib\site-packages\requests\api.py", line 115, in post
    return request("post", url, data=data, json=json, **kwargs)
  File "D:\FutureBuilders2025_NSU_Kittens\ai-doctor\backend\venv\Lib\site-packages\requests\api.py", line 59, in request
    return session.request(method=method, url=url, **kwargs)
           ~~~~~~~~~~~~~~~^^^^^^^^^^^^^^^^^^^^^^^^^^^^^^^^^^
  File "D:\FutureBuilders2025_NSU_Kittens\ai-doctor\backend\venv\Lib\site-packages\requests\sessions.py", line 589, in request
    resp = self.send(prep, **send_kwargs)
  File "D:\FutureBuilders2025_NSU_Kittens\ai-doctor\backend\venv\Lib\site-packages\requests\sessions.py", line 703, in send
    r = adapter.send(request, **kwargs)
  File "D:\FutureBuilders2025_NSU_Kittens\ai-doctor\backend\venv\Lib\site-packages\requests\adapters.py", line 713, in send
    raise ReadTimeout(e, request=request)
requests.exceptions.ReadTimeout: HTTPConnectionPool(host='localhost', port=11434): Read timed out. (read timeout=60)
2025-12-30 14:04:27,284 - aidoffline - INFO - [app.py:26] - Starting offline AI server on 0.0.0.0:5000
2025-12-30 14:04:27,830 - aidoffline - INFO - [app.py:26] - Starting offline AI server on 0.0.0.0:5000
2025-12-30 14:07:44,429 - aidoffline - ERROR - [llm_client.py:38] - LLM request failed for model llama3:8b: HTTPConnectionPool(host='localhost', port=11434): Read timed out. (read timeout=60)
Traceback (most recent call last):
  File "D:\FutureBuilders2025_NSU_Kittens\ai-doctor\backend\venv\Lib\site-packages\urllib3\connectionpool.py", line 534, in _make_request
    response = conn.getresponse()
  File "D:\FutureBuilders2025_NSU_Kittens\ai-doctor\backend\venv\Lib\site-packages\urllib3\connection.py", line 571, in getresponse
    httplib_response = super().getresponse()
  File "C:\Users\mubta\AppData\Local\Programs\Python\Python314\Lib\http\client.py", line 1450, in getresponse
    response.begin()
    ~~~~~~~~~~~~~~^^
  File "C:\Users\mubta\AppData\Local\Programs\Python\Python314\Lib\http\client.py", line 336, in begin
    version, status, reason = self._read_status()
                              ~~~~~~~~~~~~~~~~~^^
  File "C:\Users\mubta\AppData\Local\Programs\Python\Python314\Lib\http\client.py", line 297, in _read_status
    line = str(self.fp.readline(_MAXLINE + 1), "iso-8859-1")
               ~~~~~~~~~~~~~~~~^^^^^^^^^^^^^^
  File "C:\Users\mubta\AppData\Local\Programs\Python\Python314\Lib\socket.py", line 725, in readinto
    return self._sock.recv_into(b)
           ~~~~~~~~~~~~~~~~~~~~^^^
TimeoutError: timed out

The above exception was the direct cause of the following exception:

Traceback (most recent call last):
  File "D:\FutureBuilders2025_NSU_Kittens\ai-doctor\backend\venv\Lib\site-packages\requests\adapters.py", line 667, in send
    resp = conn.urlopen(
        method=request.method,
    ...<9 lines>...
        chunked=chunked,
    )
  File "D:\FutureBuilders2025_NSU_Kittens\ai-doctor\backend\venv\Lib\site-packages\urllib3\connectionpool.py", line 841, in urlopen
    retries = retries.increment(
        method, url, error=new_e, _pool=self, _stacktrace=sys.exc_info()[2]
    )
  File "D:\FutureBuilders2025_NSU_Kittens\ai-doctor\backend\venv\Lib\site-packages\urllib3\util\retry.py", line 474, in increment
    raise reraise(type(error), error, _stacktrace)
          ~~~~~~~^^^^^^^^^^^^^^^^^^^^^^^^^^^^^^^^^
  File "D:\FutureBuilders2025_NSU_Kittens\ai-doctor\backend\venv\Lib\site-packages\urllib3\util\util.py", line 39, in reraise
    raise value
  File "D:\FutureBuilders2025_NSU_Kittens\ai-doctor\backend\venv\Lib\site-packages\urllib3\connectionpool.py", line 787, in urlopen
    response = self._make_request(
        conn,
    ...<10 lines>...
        **response_kw,
    )
  File "D:\FutureBuilders2025_NSU_Kittens\ai-doctor\backend\venv\Lib\site-packages\urllib3\connectionpool.py", line 536, in _make_request
    self._raise_timeout(err=e, url=url, timeout_value=read_timeout)
    ~~~~~~~~~~~~~~~~~~~^^^^^^^^^^^^^^^^^^^^^^^^^^^^^^^^^^^^^^^^^^^^
  File "D:\FutureBuilders2025_NSU_Kittens\ai-doctor\backend\venv\Lib\site-packages\urllib3\connectionpool.py", line 367, in _raise_timeout
    raise ReadTimeoutError(
        self, url, f"Read timed out. (read timeout={timeout_value})"
    ) from err
urllib3.exceptions.ReadTimeoutError: HTTPConnectionPool(host='localhost', port=11434): Read timed out. (read timeout=60)

During handling of the above exception, another exception occurred:

Traceback (most recent call last):
  File "D:\FutureBuilders2025_NSU_Kittens\ai-doctor\backend\src\ai\llm_client.py", line 31, in chat
    resp = requests.post(self.endpoint, json=body, headers=headers, timeout=60)
  File "D:\FutureBuilders2025_NSU_Kittens\ai-doctor\backend\venv\Lib\site-packages\requests\api.py", line 115, in post
    return request("post", url, data=data, json=json, **kwargs)
  File "D:\FutureBuilders2025_NSU_Kittens\ai-doctor\backend\venv\Lib\site-packages\requests\api.py", line 59, in request
    return session.request(method=method, url=url, **kwargs)
           ~~~~~~~~~~~~~~~^^^^^^^^^^^^^^^^^^^^^^^^^^^^^^^^^^
  File "D:\FutureBuilders2025_NSU_Kittens\ai-doctor\backend\venv\Lib\site-packages\requests\sessions.py", line 589, in request
    resp = self.send(prep, **send_kwargs)
  File "D:\FutureBuilders2025_NSU_Kittens\ai-doctor\backend\venv\Lib\site-packages\requests\sessions.py", line 703, in send
    r = adapter.send(request, **kwargs)
  File "D:\FutureBuilders2025_NSU_Kittens\ai-doctor\backend\venv\Lib\site-packages\requests\adapters.py", line 713, in send
    raise ReadTimeout(e, request=request)
requests.exceptions.ReadTimeout: HTTPConnectionPool(host='localhost', port=11434): Read timed out. (read timeout=60)
2025-12-30 14:17:56,623 - aidoffline - ERROR - [llm_client.py:38] - LLM request failed for model llama3:8b: HTTPConnectionPool(host='localhost', port=11434): Read timed out. (read timeout=60)
Traceback (most recent call last):
  File "D:\FutureBuilders2025_NSU_Kittens\ai-doctor\backend\venv\Lib\site-packages\urllib3\connectionpool.py", line 534, in _make_request
    response = conn.getresponse()
  File "D:\FutureBuilders2025_NSU_Kittens\ai-doctor\backend\venv\Lib\site-packages\urllib3\connection.py", line 571, in getresponse
    httplib_response = super().getresponse()
  File "C:\Users\mubta\AppData\Local\Programs\Python\Python314\Lib\http\client.py", line 1450, in getresponse
    response.begin()
    ~~~~~~~~~~~~~~^^
  File "C:\Users\mubta\AppData\Local\Programs\Python\Python314\Lib\http\client.py", line 336, in begin
    version, status, reason = self._read_status()
                              ~~~~~~~~~~~~~~~~~^^
  File "C:\Users\mubta\AppData\Local\Programs\Python\Python314\Lib\http\client.py", line 297, in _read_status
    line = str(self.fp.readline(_MAXLINE + 1), "iso-8859-1")
               ~~~~~~~~~~~~~~~~^^^^^^^^^^^^^^
  File "C:\Users\mubta\AppData\Local\Programs\Python\Python314\Lib\socket.py", line 725, in readinto
    return self._sock.recv_into(b)
           ~~~~~~~~~~~~~~~~~~~~^^^
TimeoutError: timed out

The above exception was the direct cause of the following exception:

Traceback (most recent call last):
  File "D:\FutureBuilders2025_NSU_Kittens\ai-doctor\backend\venv\Lib\site-packages\requests\adapters.py", line 667, in send
    resp = conn.urlopen(
        method=request.method,
    ...<9 lines>...
        chunked=chunked,
    )
  File "D:\FutureBuilders2025_NSU_Kittens\ai-doctor\backend\venv\Lib\site-packages\urllib3\connectionpool.py", line 841, in urlopen
    retries = retries.increment(
        method, url, error=new_e, _pool=self, _stacktrace=sys.exc_info()[2]
    )
  File "D:\FutureBuilders2025_NSU_Kittens\ai-doctor\backend\venv\Lib\site-packages\urllib3\util\retry.py", line 474, in increment
    raise reraise(type(error), error, _stacktrace)
          ~~~~~~~^^^^^^^^^^^^^^^^^^^^^^^^^^^^^^^^^
  File "D:\FutureBuilders2025_NSU_Kittens\ai-doctor\backend\venv\Lib\site-packages\urllib3\util\util.py", line 39, in reraise
    raise value
  File "D:\FutureBuilders2025_NSU_Kittens\ai-doctor\backend\venv\Lib\site-packages\urllib3\connectionpool.py", line 787, in urlopen
    response = self._make_request(
        conn,
    ...<10 lines>...
        **response_kw,
    )
  File "D:\FutureBuilders2025_NSU_Kittens\ai-doctor\backend\venv\Lib\site-packages\urllib3\connectionpool.py", line 536, in _make_request
    self._raise_timeout(err=e, url=url, timeout_value=read_timeout)
    ~~~~~~~~~~~~~~~~~~~^^^^^^^^^^^^^^^^^^^^^^^^^^^^^^^^^^^^^^^^^^^^
  File "D:\FutureBuilders2025_NSU_Kittens\ai-doctor\backend\venv\Lib\site-packages\urllib3\connectionpool.py", line 367, in _raise_timeout
    raise ReadTimeoutError(
        self, url, f"Read timed out. (read timeout={timeout_value})"
    ) from err
urllib3.exceptions.ReadTimeoutError: HTTPConnectionPool(host='localhost', port=11434): Read timed out. (read timeout=60)

During handling of the above exception, another exception occurred:

Traceback (most recent call last):
  File "D:\FutureBuilders2025_NSU_Kittens\ai-doctor\backend\src\ai\llm_client.py", line 31, in chat
    resp = requests.post(self.endpoint, json=body, headers=headers, timeout=60)
  File "D:\FutureBuilders2025_NSU_Kittens\ai-doctor\backend\venv\Lib\site-packages\requests\api.py", line 115, in post
    return request("post", url, data=data, json=json, **kwargs)
  File "D:\FutureBuilders2025_NSU_Kittens\ai-doctor\backend\venv\Lib\site-packages\requests\api.py", line 59, in request
    return session.request(method=method, url=url, **kwargs)
           ~~~~~~~~~~~~~~~^^^^^^^^^^^^^^^^^^^^^^^^^^^^^^^^^^
  File "D:\FutureBuilders2025_NSU_Kittens\ai-doctor\backend\venv\Lib\site-packages\requests\sessions.py", line 589, in request
    resp = self.send(prep, **send_kwargs)
  File "D:\FutureBuilders2025_NSU_Kittens\ai-doctor\backend\venv\Lib\site-packages\requests\sessions.py", line 703, in send
    r = adapter.send(request, **kwargs)
  File "D:\FutureBuilders2025_NSU_Kittens\ai-doctor\backend\venv\Lib\site-packages\requests\adapters.py", line 713, in send
    raise ReadTimeout(e, request=request)
requests.exceptions.ReadTimeout: HTTPConnectionPool(host='localhost', port=11434): Read timed out. (read timeout=60)
2025-12-30 14:24:48,435 - aidoffline - ERROR - [llm_client.py:38] - LLM request failed for model llama3:8b: HTTPConnectionPool(host='localhost', port=11434): Read timed out. (read timeout=60)
Traceback (most recent call last):
  File "D:\FutureBuilders2025_NSU_Kittens\ai-doctor\backend\venv\Lib\site-packages\urllib3\connectionpool.py", line 534, in _make_request
    response = conn.getresponse()
  File "D:\FutureBuilders2025_NSU_Kittens\ai-doctor\backend\venv\Lib\site-packages\urllib3\connection.py", line 571, in getresponse
    httplib_response = super().getresponse()
  File "C:\Users\mubta\AppData\Local\Programs\Python\Python314\Lib\http\client.py", line 1450, in getresponse
    response.begin()
    ~~~~~~~~~~~~~~^^
  File "C:\Users\mubta\AppData\Local\Programs\Python\Python314\Lib\http\client.py", line 336, in begin
    version, status, reason = self._read_status()
                              ~~~~~~~~~~~~~~~~~^^
  File "C:\Users\mubta\AppData\Local\Programs\Python\Python314\Lib\http\client.py", line 297, in _read_status
    line = str(self.fp.readline(_MAXLINE + 1), "iso-8859-1")
               ~~~~~~~~~~~~~~~~^^^^^^^^^^^^^^
  File "C:\Users\mubta\AppData\Local\Programs\Python\Python314\Lib\socket.py", line 725, in readinto
    return self._sock.recv_into(b)
           ~~~~~~~~~~~~~~~~~~~~^^^
TimeoutError: timed out

The above exception was the direct cause of the following exception:

Traceback (most recent call last):
  File "D:\FutureBuilders2025_NSU_Kittens\ai-doctor\backend\venv\Lib\site-packages\requests\adapters.py", line 667, in send
    resp = conn.urlopen(
        method=request.method,
    ...<9 lines>...
        chunked=chunked,
    )
  File "D:\FutureBuilders2025_NSU_Kittens\ai-doctor\backend\venv\Lib\site-packages\urllib3\connectionpool.py", line 841, in urlopen
    retries = retries.increment(
        method, url, error=new_e, _pool=self, _stacktrace=sys.exc_info()[2]
    )
  File "D:\FutureBuilders2025_NSU_Kittens\ai-doctor\backend\venv\Lib\site-packages\urllib3\util\retry.py", line 474, in increment
    raise reraise(type(error), error, _stacktrace)
          ~~~~~~~^^^^^^^^^^^^^^^^^^^^^^^^^^^^^^^^^
  File "D:\FutureBuilders2025_NSU_Kittens\ai-doctor\backend\venv\Lib\site-packages\urllib3\util\util.py", line 39, in reraise
    raise value
  File "D:\FutureBuilders2025_NSU_Kittens\ai-doctor\backend\venv\Lib\site-packages\urllib3\connectionpool.py", line 787, in urlopen
    response = self._make_request(
        conn,
    ...<10 lines>...
        **response_kw,
    )
  File "D:\FutureBuilders2025_NSU_Kittens\ai-doctor\backend\venv\Lib\site-packages\urllib3\connectionpool.py", line 536, in _make_request
    self._raise_timeout(err=e, url=url, timeout_value=read_timeout)
    ~~~~~~~~~~~~~~~~~~~^^^^^^^^^^^^^^^^^^^^^^^^^^^^^^^^^^^^^^^^^^^^
  File "D:\FutureBuilders2025_NSU_Kittens\ai-doctor\backend\venv\Lib\site-packages\urllib3\connectionpool.py", line 367, in _raise_timeout
    raise ReadTimeoutError(
        self, url, f"Read timed out. (read timeout={timeout_value})"
    ) from err
urllib3.exceptions.ReadTimeoutError: HTTPConnectionPool(host='localhost', port=11434): Read timed out. (read timeout=60)

During handling of the above exception, another exception occurred:

Traceback (most recent call last):
  File "D:\FutureBuilders2025_NSU_Kittens\ai-doctor\backend\src\ai\llm_client.py", line 31, in chat
    resp = requests.post(self.endpoint, json=body, headers=headers, timeout=60)
  File "D:\FutureBuilders2025_NSU_Kittens\ai-doctor\backend\venv\Lib\site-packages\requests\api.py", line 115, in post
    return request("post", url, data=data, json=json, **kwargs)
  File "D:\FutureBuilders2025_NSU_Kittens\ai-doctor\backend\venv\Lib\site-packages\requests\api.py", line 59, in request
    return session.request(method=method, url=url, **kwargs)
           ~~~~~~~~~~~~~~~^^^^^^^^^^^^^^^^^^^^^^^^^^^^^^^^^^
  File "D:\FutureBuilders2025_NSU_Kittens\ai-doctor\backend\venv\Lib\site-packages\requests\sessions.py", line 589, in request
    resp = self.send(prep, **send_kwargs)
  File "D:\FutureBuilders2025_NSU_Kittens\ai-doctor\backend\venv\Lib\site-packages\requests\sessions.py", line 703, in send
    r = adapter.send(request, **kwargs)
  File "D:\FutureBuilders2025_NSU_Kittens\ai-doctor\backend\venv\Lib\site-packages\requests\adapters.py", line 713, in send
    raise ReadTimeout(e, request=request)
requests.exceptions.ReadTimeout: HTTPConnectionPool(host='localhost', port=11434): Read timed out. (read timeout=60)
2025-12-30 14:28:20,278 - aidoffline - ERROR - [llm_client.py:38] - LLM request failed for model llama3:8b: HTTPConnectionPool(host='localhost', port=11434): Read timed out. (read timeout=60)
Traceback (most recent call last):
  File "D:\FutureBuilders2025_NSU_Kittens\ai-doctor\backend\venv\Lib\site-packages\urllib3\connectionpool.py", line 534, in _make_request
    response = conn.getresponse()
  File "D:\FutureBuilders2025_NSU_Kittens\ai-doctor\backend\venv\Lib\site-packages\urllib3\connection.py", line 571, in getresponse
    httplib_response = super().getresponse()
  File "C:\Users\mubta\AppData\Local\Programs\Python\Python314\Lib\http\client.py", line 1450, in getresponse
    response.begin()
    ~~~~~~~~~~~~~~^^
  File "C:\Users\mubta\AppData\Local\Programs\Python\Python314\Lib\http\client.py", line 336, in begin
    version, status, reason = self._read_status()
                              ~~~~~~~~~~~~~~~~~^^
  File "C:\Users\mubta\AppData\Local\Programs\Python\Python314\Lib\http\client.py", line 297, in _read_status
    line = str(self.fp.readline(_MAXLINE + 1), "iso-8859-1")
               ~~~~~~~~~~~~~~~~^^^^^^^^^^^^^^
  File "C:\Users\mubta\AppData\Local\Programs\Python\Python314\Lib\socket.py", line 725, in readinto
    return self._sock.recv_into(b)
           ~~~~~~~~~~~~~~~~~~~~^^^
TimeoutError: timed out

The above exception was the direct cause of the following exception:

Traceback (most recent call last):
  File "D:\FutureBuilders2025_NSU_Kittens\ai-doctor\backend\venv\Lib\site-packages\requests\adapters.py", line 667, in send
    resp = conn.urlopen(
        method=request.method,
    ...<9 lines>...
        chunked=chunked,
    )
  File "D:\FutureBuilders2025_NSU_Kittens\ai-doctor\backend\venv\Lib\site-packages\urllib3\connectionpool.py", line 841, in urlopen
    retries = retries.increment(
        method, url, error=new_e, _pool=self, _stacktrace=sys.exc_info()[2]
    )
  File "D:\FutureBuilders2025_NSU_Kittens\ai-doctor\backend\venv\Lib\site-packages\urllib3\util\retry.py", line 474, in increment
    raise reraise(type(error), error, _stacktrace)
          ~~~~~~~^^^^^^^^^^^^^^^^^^^^^^^^^^^^^^^^^
  File "D:\FutureBuilders2025_NSU_Kittens\ai-doctor\backend\venv\Lib\site-packages\urllib3\util\util.py", line 39, in reraise
    raise value
  File "D:\FutureBuilders2025_NSU_Kittens\ai-doctor\backend\venv\Lib\site-packages\urllib3\connectionpool.py", line 787, in urlopen
    response = self._make_request(
        conn,
    ...<10 lines>...
        **response_kw,
    )
  File "D:\FutureBuilders2025_NSU_Kittens\ai-doctor\backend\venv\Lib\site-packages\urllib3\connectionpool.py", line 536, in _make_request
    self._raise_timeout(err=e, url=url, timeout_value=read_timeout)
    ~~~~~~~~~~~~~~~~~~~^^^^^^^^^^^^^^^^^^^^^^^^^^^^^^^^^^^^^^^^^^^^
  File "D:\FutureBuilders2025_NSU_Kittens\ai-doctor\backend\venv\Lib\site-packages\urllib3\connectionpool.py", line 367, in _raise_timeout
    raise ReadTimeoutError(
        self, url, f"Read timed out. (read timeout={timeout_value})"
    ) from err
urllib3.exceptions.ReadTimeoutError: HTTPConnectionPool(host='localhost', port=11434): Read timed out. (read timeout=60)

During handling of the above exception, another exception occurred:

Traceback (most recent call last):
  File "D:\FutureBuilders2025_NSU_Kittens\ai-doctor\backend\src\ai\llm_client.py", line 31, in chat
    resp = requests.post(self.endpoint, json=body, headers=headers, timeout=60)
  File "D:\FutureBuilders2025_NSU_Kittens\ai-doctor\backend\venv\Lib\site-packages\requests\api.py", line 115, in post
    return request("post", url, data=data, json=json, **kwargs)
  File "D:\FutureBuilders2025_NSU_Kittens\ai-doctor\backend\venv\Lib\site-packages\requests\api.py", line 59, in request
    return session.request(method=method, url=url, **kwargs)
           ~~~~~~~~~~~~~~~^^^^^^^^^^^^^^^^^^^^^^^^^^^^^^^^^^
  File "D:\FutureBuilders2025_NSU_Kittens\ai-doctor\backend\venv\Lib\site-packages\requests\sessions.py", line 589, in request
    resp = self.send(prep, **send_kwargs)
  File "D:\FutureBuilders2025_NSU_Kittens\ai-doctor\backend\venv\Lib\site-packages\requests\sessions.py", line 703, in send
    r = adapter.send(request, **kwargs)
  File "D:\FutureBuilders2025_NSU_Kittens\ai-doctor\backend\venv\Lib\site-packages\requests\adapters.py", line 713, in send
    raise ReadTimeout(e, request=request)
requests.exceptions.ReadTimeout: HTTPConnectionPool(host='localhost', port=11434): Read timed out. (read timeout=60)
2025-12-30 14:34:06,232 - aidoffline - ERROR - [llm_client.py:38] - LLM request failed for model llama3:8b: HTTPConnectionPool(host='localhost', port=11434): Read timed out. (read timeout=60)
Traceback (most recent call last):
  File "D:\FutureBuilders2025_NSU_Kittens\ai-doctor\backend\venv\Lib\site-packages\urllib3\connectionpool.py", line 534, in _make_request
    response = conn.getresponse()
  File "D:\FutureBuilders2025_NSU_Kittens\ai-doctor\backend\venv\Lib\site-packages\urllib3\connection.py", line 571, in getresponse
    httplib_response = super().getresponse()
  File "C:\Users\mubta\AppData\Local\Programs\Python\Python314\Lib\http\client.py", line 1450, in getresponse
    response.begin()
    ~~~~~~~~~~~~~~^^
  File "C:\Users\mubta\AppData\Local\Programs\Python\Python314\Lib\http\client.py", line 336, in begin
    version, status, reason = self._read_status()
                              ~~~~~~~~~~~~~~~~~^^
  File "C:\Users\mubta\AppData\Local\Programs\Python\Python314\Lib\http\client.py", line 297, in _read_status
    line = str(self.fp.readline(_MAXLINE + 1), "iso-8859-1")
               ~~~~~~~~~~~~~~~~^^^^^^^^^^^^^^
  File "C:\Users\mubta\AppData\Local\Programs\Python\Python314\Lib\socket.py", line 725, in readinto
    return self._sock.recv_into(b)
           ~~~~~~~~~~~~~~~~~~~~^^^
TimeoutError: timed out

The above exception was the direct cause of the following exception:

Traceback (most recent call last):
  File "D:\FutureBuilders2025_NSU_Kittens\ai-doctor\backend\venv\Lib\site-packages\requests\adapters.py", line 667, in send
    resp = conn.urlopen(
        method=request.method,
    ...<9 lines>...
        chunked=chunked,
    )
  File "D:\FutureBuilders2025_NSU_Kittens\ai-doctor\backend\venv\Lib\site-packages\urllib3\connectionpool.py", line 841, in urlopen
    retries = retries.increment(
        method, url, error=new_e, _pool=self, _stacktrace=sys.exc_info()[2]
    )
  File "D:\FutureBuilders2025_NSU_Kittens\ai-doctor\backend\venv\Lib\site-packages\urllib3\util\retry.py", line 474, in increment
    raise reraise(type(error), error, _stacktrace)
          ~~~~~~~^^^^^^^^^^^^^^^^^^^^^^^^^^^^^^^^^
  File "D:\FutureBuilders2025_NSU_Kittens\ai-doctor\backend\venv\Lib\site-packages\urllib3\util\util.py", line 39, in reraise
    raise value
  File "D:\FutureBuilders2025_NSU_Kittens\ai-doctor\backend\venv\Lib\site-packages\urllib3\connectionpool.py", line 787, in urlopen
    response = self._make_request(
        conn,
    ...<10 lines>...
        **response_kw,
    )
  File "D:\FutureBuilders2025_NSU_Kittens\ai-doctor\backend\venv\Lib\site-packages\urllib3\connectionpool.py", line 536, in _make_request
    self._raise_timeout(err=e, url=url, timeout_value=read_timeout)
    ~~~~~~~~~~~~~~~~~~~^^^^^^^^^^^^^^^^^^^^^^^^^^^^^^^^^^^^^^^^^^^^
  File "D:\FutureBuilders2025_NSU_Kittens\ai-doctor\backend\venv\Lib\site-packages\urllib3\connectionpool.py", line 367, in _raise_timeout
    raise ReadTimeoutError(
        self, url, f"Read timed out. (read timeout={timeout_value})"
    ) from err
urllib3.exceptions.ReadTimeoutError: HTTPConnectionPool(host='localhost', port=11434): Read timed out. (read timeout=60)

During handling of the above exception, another exception occurred:

Traceback (most recent call last):
  File "D:\FutureBuilders2025_NSU_Kittens\ai-doctor\backend\src\ai\llm_client.py", line 31, in chat
    resp = requests.post(self.endpoint, json=body, headers=headers, timeout=60)
  File "D:\FutureBuilders2025_NSU_Kittens\ai-doctor\backend\venv\Lib\site-packages\requests\api.py", line 115, in post
    return request("post", url, data=data, json=json, **kwargs)
  File "D:\FutureBuilders2025_NSU_Kittens\ai-doctor\backend\venv\Lib\site-packages\requests\api.py", line 59, in request
    return session.request(method=method, url=url, **kwargs)
           ~~~~~~~~~~~~~~~^^^^^^^^^^^^^^^^^^^^^^^^^^^^^^^^^^
  File "D:\FutureBuilders2025_NSU_Kittens\ai-doctor\backend\venv\Lib\site-packages\requests\sessions.py", line 589, in request
    resp = self.send(prep, **send_kwargs)
  File "D:\FutureBuilders2025_NSU_Kittens\ai-doctor\backend\venv\Lib\site-packages\requests\sessions.py", line 703, in send
    r = adapter.send(request, **kwargs)
  File "D:\FutureBuilders2025_NSU_Kittens\ai-doctor\backend\venv\Lib\site-packages\requests\adapters.py", line 713, in send
    raise ReadTimeout(e, request=request)
requests.exceptions.ReadTimeout: HTTPConnectionPool(host='localhost', port=11434): Read timed out. (read timeout=60)
2025-12-30 14:42:28,461 - aidoffline - ERROR - [llm_client.py:38] - LLM request failed for model llama3:8b: HTTPConnectionPool(host='localhost', port=11434): Read timed out. (read timeout=60)
Traceback (most recent call last):
  File "D:\FutureBuilders2025_NSU_Kittens\ai-doctor\backend\venv\Lib\site-packages\urllib3\connectionpool.py", line 534, in _make_request
    response = conn.getresponse()
  File "D:\FutureBuilders2025_NSU_Kittens\ai-doctor\backend\venv\Lib\site-packages\urllib3\connection.py", line 571, in getresponse
    httplib_response = super().getresponse()
  File "C:\Users\mubta\AppData\Local\Programs\Python\Python314\Lib\http\client.py", line 1450, in getresponse
    response.begin()
    ~~~~~~~~~~~~~~^^
  File "C:\Users\mubta\AppData\Local\Programs\Python\Python314\Lib\http\client.py", line 336, in begin
    version, status, reason = self._read_status()
                              ~~~~~~~~~~~~~~~~~^^
  File "C:\Users\mubta\AppData\Local\Programs\Python\Python314\Lib\http\client.py", line 297, in _read_status
    line = str(self.fp.readline(_MAXLINE + 1), "iso-8859-1")
               ~~~~~~~~~~~~~~~~^^^^^^^^^^^^^^
  File "C:\Users\mubta\AppData\Local\Programs\Python\Python314\Lib\socket.py", line 725, in readinto
    return self._sock.recv_into(b)
           ~~~~~~~~~~~~~~~~~~~~^^^
TimeoutError: timed out

The above exception was the direct cause of the following exception:

Traceback (most recent call last):
  File "D:\FutureBuilders2025_NSU_Kittens\ai-doctor\backend\venv\Lib\site-packages\requests\adapters.py", line 667, in send
    resp = conn.urlopen(
        method=request.method,
    ...<9 lines>...
        chunked=chunked,
    )
  File "D:\FutureBuilders2025_NSU_Kittens\ai-doctor\backend\venv\Lib\site-packages\urllib3\connectionpool.py", line 841, in urlopen
    retries = retries.increment(
        method, url, error=new_e, _pool=self, _stacktrace=sys.exc_info()[2]
    )
  File "D:\FutureBuilders2025_NSU_Kittens\ai-doctor\backend\venv\Lib\site-packages\urllib3\util\retry.py", line 474, in increment
    raise reraise(type(error), error, _stacktrace)
          ~~~~~~~^^^^^^^^^^^^^^^^^^^^^^^^^^^^^^^^^
  File "D:\FutureBuilders2025_NSU_Kittens\ai-doctor\backend\venv\Lib\site-packages\urllib3\util\util.py", line 39, in reraise
    raise value
  File "D:\FutureBuilders2025_NSU_Kittens\ai-doctor\backend\venv\Lib\site-packages\urllib3\connectionpool.py", line 787, in urlopen
    response = self._make_request(
        conn,
    ...<10 lines>...
        **response_kw,
    )
  File "D:\FutureBuilders2025_NSU_Kittens\ai-doctor\backend\venv\Lib\site-packages\urllib3\connectionpool.py", line 536, in _make_request
    self._raise_timeout(err=e, url=url, timeout_value=read_timeout)
    ~~~~~~~~~~~~~~~~~~~^^^^^^^^^^^^^^^^^^^^^^^^^^^^^^^^^^^^^^^^^^^^
  File "D:\FutureBuilders2025_NSU_Kittens\ai-doctor\backend\venv\Lib\site-packages\urllib3\connectionpool.py", line 367, in _raise_timeout
    raise ReadTimeoutError(
        self, url, f"Read timed out. (read timeout={timeout_value})"
    ) from err
urllib3.exceptions.ReadTimeoutError: HTTPConnectionPool(host='localhost', port=11434): Read timed out. (read timeout=60)

During handling of the above exception, another exception occurred:

Traceback (most recent call last):
  File "D:\FutureBuilders2025_NSU_Kittens\ai-doctor\backend\src\ai\llm_client.py", line 31, in chat
    resp = requests.post(self.endpoint, json=body, headers=headers, timeout=60)
  File "D:\FutureBuilders2025_NSU_Kittens\ai-doctor\backend\venv\Lib\site-packages\requests\api.py", line 115, in post
    return request("post", url, data=data, json=json, **kwargs)
  File "D:\FutureBuilders2025_NSU_Kittens\ai-doctor\backend\venv\Lib\site-packages\requests\api.py", line 59, in request
    return session.request(method=method, url=url, **kwargs)
           ~~~~~~~~~~~~~~~^^^^^^^^^^^^^^^^^^^^^^^^^^^^^^^^^^
  File "D:\FutureBuilders2025_NSU_Kittens\ai-doctor\backend\venv\Lib\site-packages\requests\sessions.py", line 589, in request
    resp = self.send(prep, **send_kwargs)
  File "D:\FutureBuilders2025_NSU_Kittens\ai-doctor\backend\venv\Lib\site-packages\requests\sessions.py", line 703, in send
    r = adapter.send(request, **kwargs)
  File "D:\FutureBuilders2025_NSU_Kittens\ai-doctor\backend\venv\Lib\site-packages\requests\adapters.py", line 713, in send
    raise ReadTimeout(e, request=request)
requests.exceptions.ReadTimeout: HTTPConnectionPool(host='localhost', port=11434): Read timed out. (read timeout=60)
2025-12-30 18:02:19,314 - aidoffline - ERROR - [llm_client.py:38] - LLM request failed for model llama3:8b: HTTPConnectionPool(host='localhost', port=11434): Read timed out. (read timeout=60)
Traceback (most recent call last):
  File "D:\FutureBuilders2025_NSU_Kittens\ai-doctor\backend\venv\Lib\site-packages\urllib3\connectionpool.py", line 534, in _make_request
    response = conn.getresponse()
  File "D:\FutureBuilders2025_NSU_Kittens\ai-doctor\backend\venv\Lib\site-packages\urllib3\connection.py", line 571, in getresponse
    httplib_response = super().getresponse()
  File "C:\Users\mubta\AppData\Local\Programs\Python\Python314\Lib\http\client.py", line 1450, in getresponse
    response.begin()
    ~~~~~~~~~~~~~~^^
  File "C:\Users\mubta\AppData\Local\Programs\Python\Python314\Lib\http\client.py", line 336, in begin
    version, status, reason = self._read_status()
                              ~~~~~~~~~~~~~~~~~^^
  File "C:\Users\mubta\AppData\Local\Programs\Python\Python314\Lib\http\client.py", line 297, in _read_status
    line = str(self.fp.readline(_MAXLINE + 1), "iso-8859-1")
               ~~~~~~~~~~~~~~~~^^^^^^^^^^^^^^
  File "C:\Users\mubta\AppData\Local\Programs\Python\Python314\Lib\socket.py", line 725, in readinto
    return self._sock.recv_into(b)
           ~~~~~~~~~~~~~~~~~~~~^^^
TimeoutError: timed out

The above exception was the direct cause of the following exception:

Traceback (most recent call last):
  File "D:\FutureBuilders2025_NSU_Kittens\ai-doctor\backend\venv\Lib\site-packages\requests\adapters.py", line 667, in send
    resp = conn.urlopen(
        method=request.method,
    ...<9 lines>...
        chunked=chunked,
    )
  File "D:\FutureBuilders2025_NSU_Kittens\ai-doctor\backend\venv\Lib\site-packages\urllib3\connectionpool.py", line 841, in urlopen
    retries = retries.increment(
        method, url, error=new_e, _pool=self, _stacktrace=sys.exc_info()[2]
    )
  File "D:\FutureBuilders2025_NSU_Kittens\ai-doctor\backend\venv\Lib\site-packages\urllib3\util\retry.py", line 474, in increment
    raise reraise(type(error), error, _stacktrace)
          ~~~~~~~^^^^^^^^^^^^^^^^^^^^^^^^^^^^^^^^^
  File "D:\FutureBuilders2025_NSU_Kittens\ai-doctor\backend\venv\Lib\site-packages\urllib3\util\util.py", line 39, in reraise
    raise value
  File "D:\FutureBuilders2025_NSU_Kittens\ai-doctor\backend\venv\Lib\site-packages\urllib3\connectionpool.py", line 787, in urlopen
    response = self._make_request(
        conn,
    ...<10 lines>...
        **response_kw,
    )
  File "D:\FutureBuilders2025_NSU_Kittens\ai-doctor\backend\venv\Lib\site-packages\urllib3\connectionpool.py", line 536, in _make_request
    self._raise_timeout(err=e, url=url, timeout_value=read_timeout)
    ~~~~~~~~~~~~~~~~~~~^^^^^^^^^^^^^^^^^^^^^^^^^^^^^^^^^^^^^^^^^^^^
  File "D:\FutureBuilders2025_NSU_Kittens\ai-doctor\backend\venv\Lib\site-packages\urllib3\connectionpool.py", line 367, in _raise_timeout
    raise ReadTimeoutError(
        self, url, f"Read timed out. (read timeout={timeout_value})"
    ) from err
urllib3.exceptions.ReadTimeoutError: HTTPConnectionPool(host='localhost', port=11434): Read timed out. (read timeout=60)

During handling of the above exception, another exception occurred:

Traceback (most recent call last):
  File "D:\FutureBuilders2025_NSU_Kittens\ai-doctor\backend\src\ai\llm_client.py", line 31, in chat
    resp = requests.post(self.endpoint, json=body, headers=headers, timeout=60)
  File "D:\FutureBuilders2025_NSU_Kittens\ai-doctor\backend\venv\Lib\site-packages\requests\api.py", line 115, in post
    return request("post", url, data=data, json=json, **kwargs)
  File "D:\FutureBuilders2025_NSU_Kittens\ai-doctor\backend\venv\Lib\site-packages\requests\api.py", line 59, in request
    return session.request(method=method, url=url, **kwargs)
           ~~~~~~~~~~~~~~~^^^^^^^^^^^^^^^^^^^^^^^^^^^^^^^^^^
  File "D:\FutureBuilders2025_NSU_Kittens\ai-doctor\backend\venv\Lib\site-packages\requests\sessions.py", line 589, in request
    resp = self.send(prep, **send_kwargs)
  File "D:\FutureBuilders2025_NSU_Kittens\ai-doctor\backend\venv\Lib\site-packages\requests\sessions.py", line 703, in send
    r = adapter.send(request, **kwargs)
  File "D:\FutureBuilders2025_NSU_Kittens\ai-doctor\backend\venv\Lib\site-packages\requests\adapters.py", line 713, in send
    raise ReadTimeout(e, request=request)
requests.exceptions.ReadTimeout: HTTPConnectionPool(host='localhost', port=11434): Read timed out. (read timeout=60)
2025-12-30 22:18:36,500 - aidoffline - INFO - [app.py:26] - Starting offline AI server on 0.0.0.0:5000
2025-12-30 22:18:36,943 - aidoffline - INFO - [app.py:26] - Starting offline AI server on 0.0.0.0:5000
2025-12-30 22:29:36,201 - aidoffline - ERROR - [llm_client.py:38] - LLM request failed for model llama3:8b: HTTPConnectionPool(host='localhost', port=11434): Read timed out. (read timeout=60)
Traceback (most recent call last):
  File "D:\FutureBuilders2025_NSU_Kittens\ai-doctor\backend\venv\Lib\site-packages\urllib3\connectionpool.py", line 534, in _make_request
    response = conn.getresponse()
  File "D:\FutureBuilders2025_NSU_Kittens\ai-doctor\backend\venv\Lib\site-packages\urllib3\connection.py", line 571, in getresponse
    httplib_response = super().getresponse()
  File "C:\Users\mubta\AppData\Local\Programs\Python\Python314\Lib\http\client.py", line 1450, in getresponse
    response.begin()
    ~~~~~~~~~~~~~~^^
  File "C:\Users\mubta\AppData\Local\Programs\Python\Python314\Lib\http\client.py", line 336, in begin
    version, status, reason = self._read_status()
                              ~~~~~~~~~~~~~~~~~^^
  File "C:\Users\mubta\AppData\Local\Programs\Python\Python314\Lib\http\client.py", line 297, in _read_status
    line = str(self.fp.readline(_MAXLINE + 1), "iso-8859-1")
               ~~~~~~~~~~~~~~~~^^^^^^^^^^^^^^
  File "C:\Users\mubta\AppData\Local\Programs\Python\Python314\Lib\socket.py", line 725, in readinto
    return self._sock.recv_into(b)
           ~~~~~~~~~~~~~~~~~~~~^^^
TimeoutError: timed out

The above exception was the direct cause of the following exception:

Traceback (most recent call last):
  File "D:\FutureBuilders2025_NSU_Kittens\ai-doctor\backend\venv\Lib\site-packages\requests\adapters.py", line 667, in send
    resp = conn.urlopen(
        method=request.method,
    ...<9 lines>...
        chunked=chunked,
    )
  File "D:\FutureBuilders2025_NSU_Kittens\ai-doctor\backend\venv\Lib\site-packages\urllib3\connectionpool.py", line 841, in urlopen
    retries = retries.increment(
        method, url, error=new_e, _pool=self, _stacktrace=sys.exc_info()[2]
    )
  File "D:\FutureBuilders2025_NSU_Kittens\ai-doctor\backend\venv\Lib\site-packages\urllib3\util\retry.py", line 474, in increment
    raise reraise(type(error), error, _stacktrace)
          ~~~~~~~^^^^^^^^^^^^^^^^^^^^^^^^^^^^^^^^^
  File "D:\FutureBuilders2025_NSU_Kittens\ai-doctor\backend\venv\Lib\site-packages\urllib3\util\util.py", line 39, in reraise
    raise value
  File "D:\FutureBuilders2025_NSU_Kittens\ai-doctor\backend\venv\Lib\site-packages\urllib3\connectionpool.py", line 787, in urlopen
    response = self._make_request(
        conn,
    ...<10 lines>...
        **response_kw,
    )
  File "D:\FutureBuilders2025_NSU_Kittens\ai-doctor\backend\venv\Lib\site-packages\urllib3\connectionpool.py", line 536, in _make_request
    self._raise_timeout(err=e, url=url, timeout_value=read_timeout)
    ~~~~~~~~~~~~~~~~~~~^^^^^^^^^^^^^^^^^^^^^^^^^^^^^^^^^^^^^^^^^^^^
  File "D:\FutureBuilders2025_NSU_Kittens\ai-doctor\backend\venv\Lib\site-packages\urllib3\connectionpool.py", line 367, in _raise_timeout
    raise ReadTimeoutError(
        self, url, f"Read timed out. (read timeout={timeout_value})"
    ) from err
urllib3.exceptions.ReadTimeoutError: HTTPConnectionPool(host='localhost', port=11434): Read timed out. (read timeout=60)

During handling of the above exception, another exception occurred:

Traceback (most recent call last):
  File "D:\FutureBuilders2025_NSU_Kittens\ai-doctor\backend\src\ai\llm_client.py", line 31, in chat
    resp = requests.post(self.endpoint, json=body, headers=headers, timeout=60)
  File "D:\FutureBuilders2025_NSU_Kittens\ai-doctor\backend\venv\Lib\site-packages\requests\api.py", line 115, in post
    return request("post", url, data=data, json=json, **kwargs)
  File "D:\FutureBuilders2025_NSU_Kittens\ai-doctor\backend\venv\Lib\site-packages\requests\api.py", line 59, in request
    return session.request(method=method, url=url, **kwargs)
           ~~~~~~~~~~~~~~~^^^^^^^^^^^^^^^^^^^^^^^^^^^^^^^^^^
  File "D:\FutureBuilders2025_NSU_Kittens\ai-doctor\backend\venv\Lib\site-packages\requests\sessions.py", line 589, in request
    resp = self.send(prep, **send_kwargs)
  File "D:\FutureBuilders2025_NSU_Kittens\ai-doctor\backend\venv\Lib\site-packages\requests\sessions.py", line 703, in send
    r = adapter.send(request, **kwargs)
  File "D:\FutureBuilders2025_NSU_Kittens\ai-doctor\backend\venv\Lib\site-packages\requests\adapters.py", line 713, in send
    raise ReadTimeout(e, request=request)
requests.exceptions.ReadTimeout: HTTPConnectionPool(host='localhost', port=11434): Read timed out. (read timeout=60)
2025-12-30 22:36:08,612 - aidoffline - ERROR - [llm_client.py:38] - LLM request failed for model llama3:8b: HTTPConnectionPool(host='localhost', port=11434): Read timed out. (read timeout=60)
Traceback (most recent call last):
  File "D:\FutureBuilders2025_NSU_Kittens\ai-doctor\backend\venv\Lib\site-packages\urllib3\connectionpool.py", line 534, in _make_request
    response = conn.getresponse()
  File "D:\FutureBuilders2025_NSU_Kittens\ai-doctor\backend\venv\Lib\site-packages\urllib3\connection.py", line 571, in getresponse
    httplib_response = super().getresponse()
  File "C:\Users\mubta\AppData\Local\Programs\Python\Python314\Lib\http\client.py", line 1450, in getresponse
    response.begin()
    ~~~~~~~~~~~~~~^^
  File "C:\Users\mubta\AppData\Local\Programs\Python\Python314\Lib\http\client.py", line 336, in begin
    version, status, reason = self._read_status()
                              ~~~~~~~~~~~~~~~~~^^
  File "C:\Users\mubta\AppData\Local\Programs\Python\Python314\Lib\http\client.py", line 297, in _read_status
    line = str(self.fp.readline(_MAXLINE + 1), "iso-8859-1")
               ~~~~~~~~~~~~~~~~^^^^^^^^^^^^^^
  File "C:\Users\mubta\AppData\Local\Programs\Python\Python314\Lib\socket.py", line 725, in readinto
    return self._sock.recv_into(b)
           ~~~~~~~~~~~~~~~~~~~~^^^
TimeoutError: timed out

The above exception was the direct cause of the following exception:

Traceback (most recent call last):
  File "D:\FutureBuilders2025_NSU_Kittens\ai-doctor\backend\venv\Lib\site-packages\requests\adapters.py", line 667, in send
    resp = conn.urlopen(
        method=request.method,
    ...<9 lines>...
        chunked=chunked,
    )
  File "D:\FutureBuilders2025_NSU_Kittens\ai-doctor\backend\venv\Lib\site-packages\urllib3\connectionpool.py", line 841, in urlopen
    retries = retries.increment(
        method, url, error=new_e, _pool=self, _stacktrace=sys.exc_info()[2]
    )
  File "D:\FutureBuilders2025_NSU_Kittens\ai-doctor\backend\venv\Lib\site-packages\urllib3\util\retry.py", line 474, in increment
    raise reraise(type(error), error, _stacktrace)
          ~~~~~~~^^^^^^^^^^^^^^^^^^^^^^^^^^^^^^^^^
  File "D:\FutureBuilders2025_NSU_Kittens\ai-doctor\backend\venv\Lib\site-packages\urllib3\util\util.py", line 39, in reraise
    raise value
  File "D:\FutureBuilders2025_NSU_Kittens\ai-doctor\backend\venv\Lib\site-packages\urllib3\connectionpool.py", line 787, in urlopen
    response = self._make_request(
        conn,
    ...<10 lines>...
        **response_kw,
    )
  File "D:\FutureBuilders2025_NSU_Kittens\ai-doctor\backend\venv\Lib\site-packages\urllib3\connectionpool.py", line 536, in _make_request
    self._raise_timeout(err=e, url=url, timeout_value=read_timeout)
    ~~~~~~~~~~~~~~~~~~~^^^^^^^^^^^^^^^^^^^^^^^^^^^^^^^^^^^^^^^^^^^^
  File "D:\FutureBuilders2025_NSU_Kittens\ai-doctor\backend\venv\Lib\site-packages\urllib3\connectionpool.py", line 367, in _raise_timeout
    raise ReadTimeoutError(
        self, url, f"Read timed out. (read timeout={timeout_value})"
    ) from err
urllib3.exceptions.ReadTimeoutError: HTTPConnectionPool(host='localhost', port=11434): Read timed out. (read timeout=60)

During handling of the above exception, another exception occurred:

Traceback (most recent call last):
  File "D:\FutureBuilders2025_NSU_Kittens\ai-doctor\backend\src\ai\llm_client.py", line 31, in chat
    resp = requests.post(self.endpoint, json=body, headers=headers, timeout=60)
  File "D:\FutureBuilders2025_NSU_Kittens\ai-doctor\backend\venv\Lib\site-packages\requests\api.py", line 115, in post
    return request("post", url, data=data, json=json, **kwargs)
  File "D:\FutureBuilders2025_NSU_Kittens\ai-doctor\backend\venv\Lib\site-packages\requests\api.py", line 59, in request
    return session.request(method=method, url=url, **kwargs)
           ~~~~~~~~~~~~~~~^^^^^^^^^^^^^^^^^^^^^^^^^^^^^^^^^^
  File "D:\FutureBuilders2025_NSU_Kittens\ai-doctor\backend\venv\Lib\site-packages\requests\sessions.py", line 589, in request
    resp = self.send(prep, **send_kwargs)
  File "D:\FutureBuilders2025_NSU_Kittens\ai-doctor\backend\venv\Lib\site-packages\requests\sessions.py", line 703, in send
    r = adapter.send(request, **kwargs)
  File "D:\FutureBuilders2025_NSU_Kittens\ai-doctor\backend\venv\Lib\site-packages\requests\adapters.py", line 713, in send
    raise ReadTimeout(e, request=request)
requests.exceptions.ReadTimeout: HTTPConnectionPool(host='localhost', port=11434): Read timed out. (read timeout=60)
2025-12-30 22:41:49,667 - aidoffline - INFO - [app.py:26] - Starting offline AI server on 0.0.0.0:5000
2025-12-30 22:56:13,161 - aidoffline - INFO - [app.py:28] - Starting offline AI server on 0.0.0.0:5000
2025-12-30 22:56:13,600 - aidoffline - INFO - [app.py:28] - Starting offline AI server on 0.0.0.0:5000
2025-12-30 23:05:57,137 - aidoffline - INFO - [app.py:28] - Starting offline AI server on 0.0.0.0:5000
2025-12-30 23:05:57,889 - aidoffline - INFO - [app.py:28] - Starting offline AI server on 0.0.0.0:5000
2025-12-30 23:14:24,577 - aidoffline - INFO - [app.py:28] - Starting offline AI server on 0.0.0.0:5000
2025-12-30 23:20:54,903 - aidoffline - INFO - [app.py:28] - Starting offline AI server on 0.0.0.0:5000
2025-12-30 23:21:26,128 - aidoffline - INFO - [app.py:28] - Starting offline AI server on 0.0.0.0:5000
2025-12-30 23:22:18,467 - aidoffline - INFO - [app.py:28] - Starting offline AI server on 0.0.0.0:5000
2025-12-30 23:23:56,365 - aidoffline - INFO - [app.py:28] - Starting offline AI server on 0.0.0.0:5000
2025-12-30 23:24:57,932 - aidoffline - INFO - [app.py:28] - Starting offline AI server on 0.0.0.0:5000
2025-12-30 23:28:41,645 - aidoffline - INFO - [app.py:28] - Starting offline AI server on 0.0.0.0:5000
2025-12-31 10:14:45,242 - aidoffline - INFO - [app.py:28] - Starting offline AI server on 0.0.0.0:5000
2025-12-31 10:14:46,449 - aidoffline - INFO - [app.py:28] - Starting offline AI server on 0.0.0.0:5000
2025-12-31 10:29:45,202 - aidoffline - INFO - [app.py:28] - Starting offline AI server on 0.0.0.0:5000
2025-12-31 10:30:24,530 - aidoffline - INFO - [app.py:28] - Starting offline AI server on 0.0.0.0:5000
2025-12-31 10:31:07,675 - aidoffline - INFO - [app.py:28] - Starting offline AI server on 0.0.0.0:5000
2025-12-31 10:32:02,565 - aidoffline - INFO - [app.py:28] - Starting offline AI server on 0.0.0.0:5000
